 Total Nb of available Diagnostics: ndiagt=   341
------------------------------------------------------------------------------------
  Num  |<-Name->|Levs|  mate |<- code ->|<--  Units   -->|<- Tile (max=80c)         
------------------------------------------------------------------------------------
     1 |SDIAG1  |  1 |       |SM      L1|user-defined    |User-Defined   Surface   Diagnostic  #1
     2 |SDIAG2  |  1 |       |SM      L1|user-defined    |User-Defined   Surface   Diagnostic  #2
     3 |SDIAG3  |  1 |       |SM      L1|user-defined    |User-Defined   Surface   Diagnostic  #3
     4 |SDIAG4  |  1 |       |SM      L1|user-defined    |User-Defined   Surface   Diagnostic  #4
     5 |SDIAG5  |  1 |       |SM      L1|user-defined    |User-Defined   Surface   Diagnostic  #5
     6 |SDIAG6  |  1 |       |SM      L1|user-defined    |User-Defined   Surface   Diagnostic  #6
     7 |SDIAG7  |  1 |       |SU      L1|user-defined    |User-Defined U.pt Surface Diagnostic #7
     8 |SDIAG8  |  1 |       |SV      L1|user-defined    |User-Defined V.pt Surface Diagnostic #8
     9 |SDIAG9  |  1 |    10 |UU      L1|user-defined    |User-Defined U.vector Surface Diag.  #9
    10 |SDIAG10 |  1 |     9 |VV      L1|user-defined    |User-Defined V.vector Surface Diag. #10
    11 |UDIAG1  |115 |       |SM      MR|user-defined    |User-Defined Model-Level Diagnostic  #1
    12 |UDIAG2  |115 |       |SM      MR|user-defined    |User-Defined Model-Level Diagnostic  #2
    13 |UDIAG3  |115 |       |SMR     MR|user-defined    |User-Defined Model-Level Diagnostic  #3
    14 |UDIAG4  |115 |       |SMR     MR|user-defined    |User-Defined Model-Level Diagnostic  #4
    15 |UDIAG5  |115 |       |SU      MR|user-defined    |User-Defined U.pt Model-Level Diag.  #5
    16 |UDIAG6  |115 |       |SV      MR|user-defined    |User-Defined V.pt Model-Level Diag.  #6
    17 |UDIAG7  |115 |    18 |UUR     MR|user-defined    |User-Defined U.vector Model-Lev Diag.#7
    18 |UDIAG8  |115 |    17 |VVR     MR|user-defined    |User-Defined V.vector Model-Lev Diag.#8
    19 |UDIAG9  |115 |       |SM      ML|user-defined    |User-Defined Phys-Level  Diagnostic  #9
    20 |UDIAG10 |115 |       |SM      ML|user-defined    |User-Defined Phys-Level  Diagnostic #10
    21 |SDIAGC  |  1 |    22 |SM  C   L1|user-defined    |User-Defined Counted Surface Diagnostic
    22 |SDIAGCC |  1 |       |SM      L1|count           |User-Defined Surface Diagnostic Counter
    23 |ETAN    |  1 |       |SM      M1|m               |Surface Height Anomaly
    24 |ETANSQ  |  1 |       |SM P    M1|m^2             |Square of Surface Height Anomaly
    25 |DETADT2 |  1 |       |SM      M1|m^2/s^2         |Square of Surface Height Anomaly Tendency
    26 |THETA   |115 |       |SMR     MR|degC            |Potential Temperature
    27 |SALT    |115 |       |SMR     MR|psu             |Salinity
    28 |RELHUM  |115 |       |SMR     MR|percent         |Relative Humidity
    29 |SALTanom|115 |       |SMR     MR|psu             |Salt anomaly (=SALT-35; g/kg)
    30 |UVEL    |115 |    31 |UUR     MR|m/s             |Zonal Component of Velocity (m/s)
    31 |VVEL    |115 |    30 |VVR     MR|m/s             |Meridional Component of Velocity (m/s)
    32 |WVEL    |115 |       |WM      LR|m/s             |Vertical Component of Velocity (r_units/s)
    33 |THETASQ |115 |       |SMRP    MR|degC^2          |Square of Potential Temperature
    34 |SALTSQ  |115 |       |SMRP    MR|(psu)^2         |Square of Salinity
    35 |SALTSQan|115 |       |SMRP    MR|(psu)^2         |Square of Salt anomaly (=(SALT-35)^2 (g^2/kg^2)
    36 |UVELSQ  |115 |    37 |UURP    MR|m^2/s^2         |Square of Zonal Comp of Velocity (m^2/s^2)
    37 |VVELSQ  |115 |    36 |VVRP    MR|m^2/s^2         |Square of Meridional Comp of Velocity (m^2/s^2)
    38 |WVELSQ  |115 |       |WM P    LR|m^2/s^2         |Square of Vertical Comp of Velocity
    39 |UE_VEL_C|115 |    40 |UMR     MR|m/s             |Eastward Velocity (m/s) (cell center)
    40 |VN_VEL_C|115 |    39 |VMR     MR|m/s             |Northward Velocity (m/s) (cell center)
    41 |UV_VEL_C|115 |    41 |UMR     MR|m^2/s^2         |Product of horizontal Comp of velocity (cell center)
    42 |UV_VEL_Z|115 |    42 |UZR     MR|m^2/s^2         |Meridional Transport of Zonal Momentum (m^2/s^2)
    43 |WU_VEL  |115 |       |WU      LR|m.m/s^2         |Vertical Transport of Zonal Momentum
    44 |WV_VEL  |115 |       |WV      LR|m.m/s^2         |Vertical Transport of Meridional Momentum
    45 |UVELMASS|115 |    46 |UUr     MR|m/s             |Zonal Mass-Weighted Comp of Velocity (m/s)
    46 |VVELMASS|115 |    45 |VVr     MR|m/s             |Meridional Mass-Weighted Comp of Velocity (m/s)
    47 |WVELMASS|115 |       |WM      LR|m/s             |Vertical Mass-Weighted Comp of Velocity
    48 |PhiVEL  |115 |    45 |SMR P   MR|m^2/s           |Horizontal Velocity Potential (m^2/s)
    49 |PsiVEL  |115 |    48 |SZ  P   MR|m.m^2/s         |Horizontal Velocity Stream-Function
    50 |UTHMASS |115 |    51 |UUr     MR|degC.m/s        |Zonal Mass-Weight Transp of Pot Temp
    51 |VTHMASS |115 |    50 |VVr     MR|degC.m/s        |Meridional Mass-Weight Transp of Pot Temp
    52 |WTHMASS |115 |       |WM      LR|degC.m/s        |Vertical Mass-Weight Transp of Pot Temp (K.m/s)
    53 |USLTMASS|115 |    54 |UUr     MR|psu.m/s         |Zonal Mass-Weight Transp of Salinity
    54 |VSLTMASS|115 |    53 |VVr     MR|psu.m/s         |Meridional Mass-Weight Transp of Salinity
    55 |WSLTMASS|115 |       |WM      LR|psu.m/s         |Vertical Mass-Weight Transp of Salinity
    56 |UVELTH  |115 |    57 |UUR     MR|degC.m/s        |Zonal Transport of Pot Temp
    57 |VVELTH  |115 |    56 |VVR     MR|degC.m/s        |Meridional Transport of Pot Temp
    58 |WVELTH  |115 |       |WM      LR|degC.m/s        |Vertical Transport of Pot Temp
    59 |UVELSLT |115 |    60 |UUR     MR|psu.m/s         |Zonal Transport of Salinity
    60 |VVELSLT |115 |    59 |VVR     MR|psu.m/s         |Meridional Transport of Salinity
    61 |WVELSLT |115 |       |WM      LR|psu.m/s         |Vertical Transport of Salinity
    62 |UVELPHI |115 |    63 |UUr     MR|m^3/s^3         |Zonal Mass-Weight Transp of Pressure Pot.(p/rho) Anomaly
    63 |VVELPHI |115 |    62 |VVr     MR|m^3/s^3         |Merid. Mass-Weight Transp of Pressure Pot.(p/rho) Anomaly
    64 |RHOAnoma|115 |       |SMR     MR|kg/m^3          |Density Anomaly (=Rho-rhoConst)
    65 |RHOANOSQ|115 |       |SMRP    MR|kg^2/m^6        |Square of Density Anomaly (=(Rho-rhoConst)^2)
    66 |URHOMASS|115 |    67 |UUr     MR|kg/m^2/s        |Zonal Transport of Density
    67 |VRHOMASS|115 |    66 |VVr     MR|kg/m^2/s        |Meridional Transport of Density
    68 |WRHOMASS|115 |       |WM      LR|kg/m^2/s        |Vertical Transport of Density
    69 |WdRHO_P |115 |       |WM      LR|kg/m^2/s        |Vertical velocity times delta^k(Rho)_at-const-P
    70 |WdRHOdP |115 |       |WM      LR|kg/m^2/s        |Vertical velocity times delta^k(Rho)_at-const-T,S
    71 |PHIHYD  |115 |       |SMR     MR|m^2/s^2         |Hydrostatic Pressure Pot.(p/rho) Anomaly
    72 |PHIHYDSQ|115 |       |SMRP    MR|m^4/s^4         |Square of Hyd. Pressure Pot.(p/rho) Anomaly
    73 |PHIBOT  |  1 |       |SM      M1|m^2/s^2         |Bottom Pressure Pot.(p/rho) Anomaly
    74 |PHIBOTSQ|  1 |       |SM P    M1|m^4/s^4         |Square of Bottom Pressure Pot.(p/rho) Anomaly
    75 |PHI_SURF|  1 |       |SM      M1|m^2/s^2         |Surface Dynamical Pressure Pot.(p/rho)
    76 |PHIHYDcR|115 |       |SMR     MR|m^2/s^2         |Hydrostatic Pressure Pot.(p/rho) Anomaly @ const r
    77 |MXLDEPTH|  1 |       |SM      M1|m               |Mixed-Layer Depth (>0)
    78 |DRHODR  |115 |       |SM      LR|kg/m^4          |Stratification: d.Sigma/dr (kg/m3/r_unit)
    79 |CONVADJ |115 |       |SMR     LR|fraction        |Convective Adjustment Index [0-1]
    80 |oceTAUX |  1 |    81 |UU      U1|N/m^2           |zonal surface wind stress, >0 increases uVel
    81 |oceTAUY |  1 |    80 |VV      U1|N/m^2           |meridional surf. wind stress, >0 increases vVel
    82 |atmPload|  1 |       |SM      U1|Pa              |Atmospheric pressure loading
    83 |sIceLoad|  1 |       |SM      U1|kg/m^2          |sea-ice loading (in Mass of ice+snow / area unit)
    84 |oceFWflx|  1 |       |SM      U1|kg/m^2/s        |net surface Fresh-Water flux into the ocean (+=down), >0 decreases salinity
    85 |oceSflux|  1 |       |SM      U1|g/m^2/s         |net surface Salt flux into the ocean (+=down), >0 increases salinity
    86 |oceQnet |  1 |       |SM      U1|W/m^2           |net surface heat flux into the ocean (+=down), >0 increases theta
    87 |oceQsw  |  1 |       |SM      U1|W/m^2           |net Short-Wave radiation (+=down), >0 increases theta
    88 |oceFreez|  1 |       |SM      U1|W/m^2           |heating from freezing of sea-water (allowFreezing=T)
    89 |TRELAX  |  1 |       |SM      U1|W/m^2           |surface temperature relaxation, >0 increases theta
    90 |SRELAX  |  1 |       |SM      U1|g/m^2/s         |surface salinity relaxation, >0 increases salt
    91 |surForcT|  1 |       |SM      U1|W/m^2           |model surface forcing for Temperature, >0 increases theta
    92 |surForcS|  1 |       |SM      U1|g/m^2/s         |model surface forcing for Salinity, >0 increases salinity
    93 |TFLUX   |  1 |       |SM      U1|W/m^2           |total heat flux (match heat-content variations), >0 increases theta
    94 |SFLUX   |  1 |       |SM      U1|g/m^2/s         |total salt flux (match salt-content variations), >0 increases salt
    95 |RCENTER |115 |       |SM      MR|m               |Cell-Center Height
    96 |RSURF   |  1 |       |SM      M1|m               |Surface Height
    97 |TOTUTEND|115 |    98 |UUR     MR|m/s/day         |Tendency of Zonal Component of Velocity
    98 |TOTVTEND|115 |    97 |VVR     MR|m/s/day         |Tendency of Meridional Component of Velocity
    99 |TOTTTEND|115 |       |SMR     MR|degC/day        |Tendency of Potential Temperature
------------------------------------------------------------------------------------
  Num  |<-Name->|Levs|  mate |<- code ->|<--  Units   -->|<- Tile (max=80c)         
------------------------------------------------------------------------------------
   100 |TOTSTEND|115 |       |SMR     MR|psu/day         |Tendency of Salinity
   101 |MoistCor|115 |       |SM      MR|W/m^2           |Heating correction due to moist thermodynamics
   102 |gT_Forc |115 |       |SMR     MR|degC/s          |Potential Temp. forcing tendency
   103 |gS_Forc |115 |       |SMR     MR|psu/s           |Salinity forcing tendency
   104 |AB_gT   |115 |       |SMR     MR|degC/s          |Potential Temp. tendency from Adams-Bashforth
   105 |AB_gS   |115 |       |SMR     MR|psu/s           |Salinity tendency from Adams-Bashforth
   106 |gTinAB  |115 |       |SMR     MR|degC/s          |Potential Temp. tendency going in Adams-Bashforth
   107 |gSinAB  |115 |       |SMR     MR|psu/s           |Salinity tendency going in Adams-Bashforth
   108 |AB_gU   |115 |   109 |UUR     MR|m/s^2           |U momentum tendency from Adams-Bashforth
   109 |AB_gV   |115 |   108 |VVR     MR|m/s^2           |V momentum tendency from Adams-Bashforth
   110 |ADVr_TH |115 |       |WM      LR|degC.m^3/s      |Vertical   Advective Flux of Pot.Temperature
   111 |ADVx_TH |115 |   112 |UU      MR|degC.m^3/s      |Zonal      Advective Flux of Pot.Temperature
   112 |ADVy_TH |115 |   111 |VV      MR|degC.m^3/s      |Meridional Advective Flux of Pot.Temperature
   113 |DFrE_TH |115 |       |WM      LR|degC.m^3/s      |Vertical Diffusive Flux of Pot.Temperature (Explicit part)
   114 |DFxE_TH |115 |   115 |UU      MR|degC.m^3/s      |Zonal      Diffusive Flux of Pot.Temperature
   115 |DFyE_TH |115 |   114 |VV      MR|degC.m^3/s      |Meridional Diffusive Flux of Pot.Temperature
   116 |DFrI_TH |115 |       |WM      LR|degC.m^3/s      |Vertical Diffusive Flux of Pot.Temperature (Implicit part)
   117 |ADVr_SLT|115 |       |WM      LR|psu.m^3/s       |Vertical   Advective Flux of Salinity
   118 |ADVx_SLT|115 |   119 |UU      MR|psu.m^3/s       |Zonal      Advective Flux of Salinity
   119 |ADVy_SLT|115 |   118 |VV      MR|psu.m^3/s       |Meridional Advective Flux of Salinity
   120 |DFrE_SLT|115 |       |WM      LR|psu.m^3/s       |Vertical Diffusive Flux of Salinity    (Explicit part)
   121 |DFxE_SLT|115 |   122 |UU      MR|psu.m^3/s       |Zonal      Diffusive Flux of Salinity
   122 |DFyE_SLT|115 |   121 |VV      MR|psu.m^3/s       |Meridional Diffusive Flux of Salinity
   123 |DFrI_SLT|115 |       |WM      LR|psu.m^3/s       |Vertical Diffusive Flux of Salinity    (Implicit part)
   124 |SALTFILL|115 |       |SM      MR|psu.m^3/s       |Filling of Negative Values of Salinity
   125 |VISCAHZ |115 |       |SZ      MR|m^2/s           |Harmonic Visc Coefficient (m2/s) (Zeta Pt)
   126 |VISCA4Z |115 |       |SZ      MR|m^4/s           |Biharmonic Visc Coefficient (m4/s) (Zeta Pt)
   127 |VISCAHD |115 |       |SM      MR|m^2/s           |Harmonic Viscosity Coefficient (m2/s) (Div Pt)
   128 |VISCA4D |115 |       |SM      MR|m^4/s           |Biharmonic Viscosity Coefficient (m4/s) (Div Pt)
   129 |VISCAHW |115 |       |WM      LR|m^2/s           |Harmonic Viscosity Coefficient (m2/s) (W Pt)
   130 |VISCA4W |115 |       |WM      LR|m^4/s           |Biharmonic Viscosity Coefficient (m4/s) (W Pt)
   131 |VAHZMAX |115 |       |SZ      MR|m^2/s           |CFL-MAX Harm Visc Coefficient (m2/s) (Zeta Pt)
   132 |VA4ZMAX |115 |       |SZ      MR|m^4/s           |CFL-MAX Biharm Visc Coefficient (m4/s) (Zeta Pt)
   133 |VAHDMAX |115 |       |SM      MR|m^2/s           |CFL-MAX Harm Visc Coefficient (m2/s) (Div Pt)
   134 |VA4DMAX |115 |       |SM      MR|m^4/s           |CFL-MAX Biharm Visc Coefficient (m4/s) (Div Pt)
   135 |VAHZMIN |115 |       |SZ      MR|m^2/s           |RE-MIN Harm Visc Coefficient (m2/s) (Zeta Pt)
   136 |VA4ZMIN |115 |       |SZ      MR|m^4/s           |RE-MIN Biharm Visc Coefficient (m4/s) (Zeta Pt)
   137 |VAHDMIN |115 |       |SM      MR|m^2/s           |RE-MIN Harm Visc Coefficient (m2/s) (Div Pt)
   138 |VA4DMIN |115 |       |SM      MR|m^4/s           |RE-MIN Biharm Visc Coefficient (m4/s) (Div Pt)
   139 |VAHZLTH |115 |       |SZ      MR|m^2/s           |Leith Harm Visc Coefficient (m2/s) (Zeta Pt)
   140 |VA4ZLTH |115 |       |SZ      MR|m^4/s           |Leith Biharm Visc Coefficient (m4/s) (Zeta Pt)
   141 |VAHDLTH |115 |       |SM      MR|m^2/s           |Leith Harm Visc Coefficient (m2/s) (Div Pt)
   142 |VA4DLTH |115 |       |SM      MR|m^4/s           |Leith Biharm Visc Coefficient (m4/s) (Div Pt)
   143 |VAHZLTHD|115 |       |SZ      MR|m^2/s           |LeithD Harm Visc Coefficient (m2/s) (Zeta Pt)
   144 |VA4ZLTHD|115 |       |SZ      MR|m^4/s           |LeithD Biharm Visc Coefficient (m4/s) (Zeta Pt)
   145 |VAHDLTHD|115 |       |SM      MR|m^2/s           |LeithD Harm Visc Coefficient (m2/s) (Div Pt)
   146 |VA4DLTHD|115 |       |SM      MR|m^4/s           |LeithD Biharm Visc Coefficient (m4/s) (Div Pt)
   147 |VAHZSMAG|115 |       |SZ      MR|m^2/s           |Smagorinsky Harm Visc Coefficient (m2/s) (Zeta Pt)
   148 |VA4ZSMAG|115 |       |SZ      MR|m^4/s           |Smagorinsky Biharm Visc Coeff. (m4/s) (Zeta Pt)
   149 |VAHDSMAG|115 |       |SM      MR|m^2/s           |Smagorinsky Harm Visc Coefficient (m2/s) (Div Pt)
   150 |VA4DSMAG|115 |       |SM      MR|m^4/s           |Smagorinsky Biharm Visc Coeff. (m4/s) (Div Pt)
   151 |momKE   |115 |       |SMR     MR|m^2/s^2         |Kinetic Energy (in momentum Eq.)
   152 |momHDiv |115 |       |SMR     MR|s^-1            |Horizontal Divergence (in momentum Eq.)
   153 |momVort3|115 |       |SZR     MR|s^-1            |3rd component (vertical) of Vorticity
   154 |Strain  |115 |       |SZR     MR|s^-1            |Horizontal Strain of Horizontal Velocities
   155 |Tension |115 |       |SMR     MR|s^-1            |Horizontal Tension of Horizontal Velocities
   156 |UBotDrag|115 |   157 |UUR     MR|m/s^2           |U momentum tendency from Bottom Drag
   157 |VBotDrag|115 |   156 |VVR     MR|m/s^2           |V momentum tendency from Bottom Drag
   158 |USidDrag|115 |   159 |UUR     MR|m/s^2           |U momentum tendency from Side Drag
   159 |VSidDrag|115 |   158 |VVR     MR|m/s^2           |V momentum tendency from Side Drag
   160 |Um_Diss |115 |   161 |UUR     MR|m/s^2           |U momentum tendency from Dissipation
   161 |Vm_Diss |115 |   160 |VVR     MR|m/s^2           |V momentum tendency from Dissipation
   162 |Um_Advec|115 |   163 |UUR     MR|m/s^2           |U momentum tendency from Advection terms
   163 |Vm_Advec|115 |   162 |VVR     MR|m/s^2           |V momentum tendency from Advection terms
   164 |Um_Cori |115 |   165 |UUR     MR|m/s^2           |U momentum tendency from Coriolis term
   165 |Vm_Cori |115 |   164 |VVR     MR|m/s^2           |V momentum tendency from Coriolis term
   166 |Um_dPHdx|115 |   167 |UUR     MR|m/s^2           |U momentum tendency from Hydrostatic Pressure grad
   167 |Vm_dPHdy|115 |   166 |VVR     MR|m/s^2           |V momentum tendency from Hydrostatic Pressure grad
   168 |Um_Ext  |115 |   169 |UUR     MR|m/s^2           |U momentum tendency from external forcing
   169 |Vm_Ext  |115 |   168 |VVR     MR|m/s^2           |V momentum tendency from external forcing
   170 |Um_AdvZ3|115 |   171 |UUR     MR|m/s^2           |U momentum tendency from Vorticity Advection
   171 |Vm_AdvZ3|115 |   170 |VVR     MR|m/s^2           |V momentum tendency from Vorticity Advection
   172 |Um_AdvRe|115 |   173 |UUR     MR|m/s^2           |U momentum tendency from vertical Advection (Explicit part)
   173 |Vm_AdvRe|115 |   172 |VVR     MR|m/s^2           |V momentum tendency from vertical Advection (Explicit part)
   174 |ADVx_Um |115 |   175 |UM      MR|m^4/s^2         |Zonal      Advective Flux of U momentum
   175 |ADVy_Um |115 |   174 |VZ      MR|m^4/s^2         |Meridional Advective Flux of U momentum
   176 |ADVrE_Um|115 |       |WU      LR|m^4/s^2         |Vertical   Advective Flux of U momentum (Explicit part)
   177 |ADVx_Vm |115 |   178 |UZ      MR|m^4/s^2         |Zonal      Advective Flux of V momentum
   178 |ADVy_Vm |115 |   177 |VM      MR|m^4/s^2         |Meridional Advective Flux of V momentum
   179 |ADVrE_Vm|115 |       |WV      LR|m^4/s^2         |Vertical   Advective Flux of V momentum (Explicit part)
   180 |VISCx_Um|115 |   181 |UM      MR|m^4/s^2         |Zonal      Viscous Flux of U momentum
   181 |VISCy_Um|115 |   180 |VZ      MR|m^4/s^2         |Meridional Viscous Flux of U momentum
   182 |VISrE_Um|115 |       |WU      LR|m^4/s^2         |Vertical   Viscous Flux of U momentum (Explicit part)
   183 |VISrI_Um|115 |       |WU      LR|m^4/s^2         |Vertical   Viscous Flux of U momentum (Implicit part)
   184 |VISCx_Vm|115 |   185 |UZ      MR|m^4/s^2         |Zonal      Viscous Flux of V momentum
   185 |VISCy_Vm|115 |   184 |VM      MR|m^4/s^2         |Meridional Viscous Flux of V momentum
   186 |VISrE_Vm|115 |       |WV      LR|m^4/s^2         |Vertical   Viscous Flux of V momentum (Explicit part)
   187 |VISrI_Vm|115 |       |WV      LR|m^4/s^2         |Vertical   Viscous Flux of V momentum (Implicit part)
   188 |EXFhs   |  1 |       |SM      U1|W/m^2           |Sensible heat flux into ocean, >0 increases theta
   189 |EXFhl   |  1 |       |SM      U1|W/m^2           |Latent heat flux into ocean, >0 increases theta
   190 |EXFlwnet|  1 |       |SM      U1|W/m^2           |Net upward longwave radiation, >0 decreases theta
   191 |EXFswnet|  1 |       |SM      U1|W/m^2           |Net upward shortwave radiation, >0 decreases theta
   192 |EXFlwdn |  1 |       |SM      U1|W/m^2           |Downward longwave radiation, >0 increases theta
   193 |EXFswdn |  1 |       |SM      U1|W/m^2           |Downward shortwave radiation, >0 increases theta
   194 |EXFqnet |  1 |       |SM      U1|W/m^2           |Net upward heat flux (turb+rad), >0 decreases theta
   195 |EXFtaux |  1 |       |UM      U1|N/m^2           |zonal surface wind stress, >0 increases uVel
   196 |EXFtauy |  1 |       |VM      U1|N/m^2           |meridional surface wind stress, >0 increases vVel
   197 |EXFuwind|  1 |       |UM      U1|m/s             |zonal 10-m wind speed, >0 eastward
   198 |EXFvwind|  1 |       |VM      U1|m/s             |meridional 10-m wind speed, >0 northward
   199 |EXFwspee|  1 |       |SM      U1|m/s             |10-m wind speed modulus ( >= 0 )
------------------------------------------------------------------------------------
  Num  |<-Name->|Levs|  mate |<- code ->|<--  Units   -->|<- Tile (max=80c)         
------------------------------------------------------------------------------------
   200 |EXFatemp|  1 |       |SM      U1|degK            |surface (2-m) air temperature
   201 |EXFaqh  |  1 |       |SM      U1|kg/kg           |surface (2-m) specific humidity
   202 |EXFevap |  1 |       |SM      U1|m/s             |evaporation, > 0 increases salinity
   203 |EXFpreci|  1 |       |SM      U1|m/s             |precipitation, > 0 decreases salinity
   204 |EXFsnow |  1 |       |SM      U1|m/s             |snow precipitation, > 0 decreases salinity
   205 |EXFempmr|  1 |       |SM      U1|m/s             |net upward freshwater flux, > 0 increases salinity
   206 |EXFpress|  1 |       |SM      U1|N/m^2           |atmospheric pressure field
   207 |EXFroff |  1 |       |SM      U1|m/s             |river runoff, > 0 decreases salinity
   208 |EXFroft |  1 |       |SM      U1|deg C           |river runoff temperature
   209 |EXFsalfx|  1 |       |SM      U1|psu.kg/m^2/s    |upward salt flux, > 0 decreases salinity
   210 |KPPviscA|115 |       |SM P    LR|m^2/s           |KPP vertical eddy viscosity coefficient
   211 |KPPdiffS|115 |       |SM P    LR|m^2/s           |Vertical diffusion coefficient for salt & tracers
   212 |KPPdiffT|115 |       |SM P    LR|m^2/s           |Vertical diffusion coefficient for heat
   213 |KPPghatK|115 |       |SM P    LR|0-1             |ratio of KPP non-local (salt) flux relative to surface-flux
   214 |KPPhbl  |  1 |       |SM P     1|m               |KPP boundary layer depth, bulk Ri criterion
   215 |KPPfrac |  1 |       |SM P     1|                |Short-wave flux fraction penetrating mixing layer
   216 |KPPdbsfc|115 |       |SM P    UR|m/s^2           |Buoyancy difference with respect to surface
   217 |KPPbfsfc|115 |       |SM P    UR|m^2/s^3         |Bo+radiation absorbed to d=hbf*hbl + plume
   218 |KPPRi   |115 |       |SM P    UR|non-dimensional |Bulk Richardson number
   219 |KPPbo   |  1 |       |SM P     1|m^2/s^3         |Surface turbulent buoyancy forcing
   220 |KPPbosol|  1 |       |SM P     1|m^2/s^3         |surface radiative buoyancy forcing
   221 |KPPdbloc|115 |       |SM P    UR|m/s^2           |Local delta buoyancy across interfaces
   222 |KPPnuddt|115 |       |SM P    UR|m^2/s           |Vertical double diffusion coefficient for heat
   223 |KPPnudds|115 |       |SM P    UR|m^2/s           |Vertical double diffusion coefficient for salt
   224 |KPPg_TH |115 |       |WM      LR|degC.m^3/s      |KPP non-local Flux of Pot.Temperature
   225 |KPPg_SLT|115 |       |WM      LR|psu.m^3/s       |KPP non-local Flux of Salinity
   226 |GM_VisbK|  1 |       |SM P    M1|m^2/s           |Mixing coefficient from Visbeck etal parameterization
   227 |GM_hTrsL|  1 |       |SM P    M1|m               |Base depth (>0) of the Transition Layer
   228 |GM_baseS|  1 |       |SM P    M1|1               |Slope at the base of the Transition Layer
   229 |GM_rLamb|  1 |       |SM P    M1|1/m             |Slope vertical gradient at Trans. Layer Base (=recip.Lambda)
   230 |SubMesLf|  1 |       |SM P    M1|m               |Sub-Meso horiz. Length Scale (Lf)
   231 |SubMpsiX|  1 |   232 |UU      M1|m^2/s           |Sub-Meso transp.stream-funct. magnitude (Psi0): U component
   232 |SubMpsiY|  1 |   231 |VV      M1|m^2/s           |Sub-Meso transp.stream-funct. magnitude (Psi0): V component
   233 |GM_Kux  |115 |   234 |UU P    MR|m^2/s           |K_11 element (U.point, X.dir) of GM-Redi tensor
   234 |GM_Kvy  |115 |   233 |VV P    MR|m^2/s           |K_22 element (V.point, Y.dir) of GM-Redi tensor
   235 |GM_Kuz  |115 |   236 |UU      MR|m^2/s           |K_13 element (U.point, Z.dir) of GM-Redi tensor
   236 |GM_Kvz  |115 |   235 |VV      MR|m^2/s           |K_23 element (V.point, Z.dir) of GM-Redi tensor
   237 |GM_Kwx  |115 |   238 |UM      LR|m^2/s           |K_31 element (W.point, X.dir) of GM-Redi tensor
   238 |GM_Kwy  |115 |   237 |VM      LR|m^2/s           |K_32 element (W.point, Y.dir) of GM-Redi tensor
   239 |GM_Kwz  |115 |       |WM P    LR|m^2/s           |K_33 element (W.point, Z.dir) of GM-Redi tensor
   240 |GM_PsiX |115 |   241 |UU      LR|m^2/s           |GM Bolus transport stream-function : U component
   241 |GM_PsiY |115 |   240 |VV      LR|m^2/s           |GM Bolus transport stream-function : V component
   242 |GM_KuzTz|115 |   243 |UU      MR|degC.m^3/s      |Redi Off-diagonal Temperature flux: X component
   243 |GM_KvzTz|115 |   242 |VV      MR|degC.m^3/s      |Redi Off-diagonal Temperature flux: Y component
   244 |GM_KwzTz|115 |       |WM      LR|degC.m^3/s      |Redi main-diagonal vertical Temperature flux
   245 |GM_ubT  |115 |   246 |UUr     MR|degC.m^3/s      |Zonal Mass-Weight Bolus Transp of Pot Temp
   246 |GM_vbT  |115 |   245 |VVr     MR|degC.m^3/s      |Meridional Mass-Weight Bolus Transp of Pot Temp
   247 |TRAC01  |115 |       |SMR     MR|y               |age_trc concentration
   248 |UTRAC01 |115 |   249 |UUr     MR|y.m/s           |Zonal Mass-Weighted Transp of age_trc
   249 |VTRAC01 |115 |   248 |VVr     MR|y.m/s           |Merid Mass-Weighted Transp of age_trc
   250 |WTRAC01 |115 |       |WM      MR|y.m/s           |Vert  Mass-Weighted Transp of age_trc
   251 |ForcTr01|115 |       |SMR     MR|y/s             |age_trc forcing tendency
   252 |AB_gTr01|115 |       |SMR     MR|y/s             |age_trc tendency from Adams-Bashforth
   253 |ADVrTr01|115 |       |WM      LR|y.m^3/s         |Vertical   Advective Flux of age_trc
   254 |ADVxTr01|115 |   255 |UU      MR|y.m^3/s         |Zonal      Advective Flux of age_trc
   255 |ADVyTr01|115 |   254 |VV      MR|y.m^3/s         |Meridional Advective Flux of age_trc
   256 |DFrETr01|115 |       |WM      LR|y.m^3/s         |Vertical Diffusive Flux of age_trc (Explicit part)
   257 |DFxETr01|115 |   258 |UU      MR|y.m^3/s         |Zonal      Diffusive Flux of age_trc
   258 |DFyETr01|115 |   257 |VV      MR|y.m^3/s         |Meridional Diffusive Flux of age_trc
   259 |DFrITr01|115 |       |WM      LR|y.m^3/s         |Vertical Diffusive Flux of age_trc (Implicit part)
   260 |KPPgTr01|115 |       |WM      LR|y.m^3/s         |KPP non-local Flux of age_trc
   261 |Add2EmP |  1 |       |SM      U1|kg/m^2/s        |additional EmP from salt relaxation
   262 |SIarea  |  1 |       |SM      M1|m^2/m^2         |SEAICE fractional ice-covered area [0 to 1]
   263 |SIareaPR|  1 |       |SM      M1|m^2/m^2         |SIarea preceeding ridging process
   264 |SIareaPT|  1 |       |SM      M1|m^2/m^2         |SIarea preceeding thermodynamic growth/melt
   265 |SIheff  |  1 |       |SM      M1|m               |SEAICE effective ice thickness
   266 |SIheffPT|  1 |       |SM      M1|m               |SIheff preceeeding thermodynamic growth/melt
   267 |SIhsnow |  1 |       |SM      M1|m               |SEAICE effective snow thickness
   268 |SIhsnoPT|  1 |       |SM      M1|m               |SIhsnow preceeeding thermodynamic growth/melt
   269 |SIhsalt |  1 |       |SM      M1|g/m^2           |SEAICE effective salinity
   270 |SItices |  1 |   262 |SM  C   M1|K               |Surface Temperature over Sea-Ice (area weighted)
   271 |SIuice  |  1 |   272 |UU      M1|m/s             |SEAICE zonal ice velocity, >0 from West to East
   272 |SIvice  |  1 |   271 |VV      M1|m/s             |SEAICE merid. ice velocity, >0 from South to North
   273 |SItaux  |  1 |   274 |UU      U1|N/m^2           |SEAICE zonal surface wind stress, >0 increases uIce
   274 |SItauy  |  1 |   273 |VV      U1|N/m^2           |SEAICE merid surface wind stress, >0 increases vIce
   275 |SIatmTx |  1 |   276 |UU      U1|N/m^2           |Zonal surface wind stress over Ocean+SeaIce
   276 |SIatmTy |  1 |   275 |VV      U1|N/m^2           |Merid surface wind stress over Ocean+SeaIce
   277 |SIqnet  |  1 |       |SM      U1|W/m^2           |Ocean surface heatflux, turb+rad, >0 decreases theta
   278 |SIqsw   |  1 |       |SM      U1|W/m^2           |Ocean surface shortwave radiat., >0 decreases theta
   279 |SIatmQnt|  1 |       |SM      U1|W/m^2           |Net atmospheric heat flux, >0 decreases theta
   280 |SItflux |  1 |       |SM      U1|W/m^2           |Same as TFLUX but incl seaice (>0 incr T decr H)
   281 |SIaaflux|  1 |       |SM      U1|W/m^2           |conservative ocn<->seaice adv. heat flux adjust.
   282 |SIhl    |  1 |       |SM      U1|W/m^2           |Latent heat flux into ocean, >0 increases theta
   283 |SIqneto |  1 |       |SM      U1|W/m^2           |Open Ocean Part of SIqnet, turb+rad, >0 decr theta
   284 |SIqneti |  1 |       |SM      U1|W/m^2           |Ice Covered Part of SIqnet, turb+rad, >0 decr theta
   285 |SIempmr |  1 |       |SM      U1|kg/m^2/s        |Ocean surface freshwater flux, > 0 increases salt
   286 |SIatmFW |  1 |       |SM      U1|kg/m^2/s        |Net freshwater flux from atmosphere & land (+=down)
   287 |SIsnPrcp|  1 |       |SM      U1|kg/m^2/s        |Snow precip. (+=dw) over Sea-Ice (area weighted)
   288 |SIfwSubl|  1 |       |SM      U1|kg/m^2/s        |Potential sublimation freshwater flux, >0 decr. ice
   289 |SIacSubl|  1 |       |SM      U1|kg/m^2/s        |Actual sublimation freshwater flux, >0 decr. ice
   290 |SIrsSubl|  1 |       |SM      U1|kg/m^2/s        |Residual subl. freshwater flux, >0 taken from ocn
   291 |SIactLHF|  1 |       |SM      U1|W/m^2           |Actual latent heat flux over ice
   292 |SImaxLHF|  1 |       |SM      U1|W/m^2           |Maximum latent heat flux over ice
   293 |SIaQbOCN|  1 |       |SM      M1|m/s             |Potential HEFF rate of change by ocean ice flux
   294 |SIaQbATC|  1 |       |SM      M1|m/s             |Potential HEFF rate of change by atm flux over ice
   295 |SIaQbATO|  1 |       |SM      M1|m/s             |Potential HEFF rate of change by open ocn atm flux
   296 |SIdHbOCN|  1 |       |SM      M1|m/s             |HEFF rate of change by ocean ice flux
   297 |SIdSbATC|  1 |       |SM      M1|m/s             |HSNOW rate of change by atm flux over sea ice
   298 |SIdSbOCN|  1 |       |SM      M1|m/s             |HSNOW rate of change by ocean ice flux
   299 |SIdHbATC|  1 |       |SM      M1|m/s             |HEFF rate of change by atm flux over sea ice
------------------------------------------------------------------------------------
  Num  |<-Name->|Levs|  mate |<- code ->|<--  Units   -->|<- Tile (max=80c)         
------------------------------------------------------------------------------------
   300 |SIdHbATO|  1 |       |SM      M1|m/s             |HEFF rate of change by open ocn atm flux
   301 |SIdHbFLO|  1 |       |SM      M1|m/s             |HEFF rate of change by flooding snow
   302 |SIdAbATO|  1 |       |SM      M1|m^2/m^2/s       |Potential AREA rate of change by open ocn atm flux
   303 |SIdAbATC|  1 |       |SM      M1|m^2/m^2/s       |Potential AREA rate of change by atm flux over ice
   304 |SIdAbOCN|  1 |       |SM      M1|m^2/m^2/s       |Potential AREA rate of change by ocean ice flux
   305 |SIdA    |  1 |       |SM      M1|m^2/m^2/s       |AREA rate of change (net)
   306 |ADVxHEFF|  1 |   307 |UU      M1|m.m^2/s         |Zonal      Advective Flux of eff ice thickn
   307 |ADVyHEFF|  1 |   306 |VV      M1|m.m^2/s         |Meridional Advective Flux of eff ice thickn
   308 |DFxEHEFF|  1 |   309 |UU      M1|m.m^2/s         |Zonal      Diffusive Flux of eff ice thickn
   309 |DFyEHEFF|  1 |   308 |VV      M1|m.m^2/s         |Meridional Diffusive Flux of eff ice thickn
   310 |ADVxAREA|  1 |   311 |UU      M1|m^2/m^2.m^2/s   |Zonal      Advective Flux of fract area
   311 |ADVyAREA|  1 |   310 |VV      M1|m^2/m^2.m^2/s   |Meridional Advective Flux of fract area
   312 |DFxEAREA|  1 |   313 |UU      M1|m^2/m^2.m^2/s   |Zonal      Diffusive Flux of fract area
   313 |DFyEAREA|  1 |   312 |VV      M1|m^2/m^2.m^2/s   |Meridional Diffusive Flux of fract area
   314 |ADVxSNOW|  1 |   315 |UU      M1|m.m^2/s         |Zonal      Advective Flux of eff snow thickn
   315 |ADVySNOW|  1 |   314 |VV      M1|m.m^2/s         |Meridional Advective Flux of eff snow thickn
   316 |DFxESNOW|  1 |   317 |UU      M1|m.m^2/s         |Zonal      Diffusive Flux of eff snow thickn
   317 |DFyESNOW|  1 |   316 |VV      M1|m.m^2/s         |Meridional Diffusive Flux of eff snow thickn
   318 |ADVxSSLT|  1 |   319 |UU      M1|psu.m^2/s       |Zonal      Advective Flux of seaice salinity
   319 |ADVySSLT|  1 |   318 |VV      M1|psu.m^2/s       |Meridional Advective Flux of seaice salinity
   320 |DFxESSLT|  1 |   321 |UU      M1|psu.m^2/s       |Zonal      Diffusive Flux of seaice salinity
   321 |DFyESSLT|  1 |   320 |VV      M1|psu.m^2/s       |Meridional Diffusive Flux of seaice salinity
   322 |SIuheff |  1 |   323 |UU      M1|m^2/s           |Zonal      Transport of eff ice thickn (centered)
   323 |SIvheff |  1 |   322 |VV      M1|m^2/s           |Meridional Transport of eff ice thickn (centered)
   324 |SIpress |  1 |       |SM      M1|N/m             |SEAICE strength (with upper and lower limit)
   325 |SIzeta  |  1 |       |SM      M1|kg/s            |SEAICE nonlinear bulk viscosity
   326 |SIeta   |  1 |       |SM      M1|kg/s            |SEAICE nonlinear shear viscosity
   327 |SIsig1  |  1 |       |SM      M1|no units        |SEAICE normalized principle stress, component one
   328 |SIsig2  |  1 |       |SM      M1|no units        |SEAICE normalized principle stress, component two
   329 |SIshear |  1 |       |SM      M1|1/s             |SEAICE shear deformation rate
   330 |SIdelta |  1 |       |SM      M1|1/s             |SEAICE Delta deformation rate
   331 |SItensil|  1 |       |SM      M1|N/m             |SEAICE maximal tensile strength
   332 |SHIfwFlx|  1 |       |SM      L1|kg/m^2/s        |Ice shelf fresh water flux (positive upward)
   333 |SHIhtFlx|  1 |       |SM      L1|W/m^2           |Ice shelf heat flux  (positive upward)
   334 |SHIUDrag|115 |   335 |UU      MR|m/s^2           |U momentum tendency from ice shelf drag
   335 |SHIVDrag|115 |   334 |VV      MR|m/s^2           |V momentum tendency from ice shelf drag
   336 |SHIForcT|  1 |       |SM      L1|W/m^2           |Ice shelf forcing for theta, >0 increases theta
   337 |SHIForcS|  1 |       |SM      L1|g/m^2/s         |Ice shelf forcing for salt, >0 increases salt
   338 |SHIgammT|  1 |       |SM      L1|m/s             |Ice shelf exchange coefficient for theta
   339 |SHIgammS|  1 |       |SM      L1|m/s             |Ice shelf exchange coefficient for salt
   340 |SHIuStar|  1 |       |SM      L1|m/s             |Friction velocity at bottom of ice shelf
   341 |SHI_mass|  1 |       |SM      L1|kg/m^2          |dynamic ice shelf mass for surface load anomaly
------------------------------------------------------------------------------------
  Num  |<-Name->|Levs|  mate |<- code ->|<--  Units   -->|<- Tile (max=80c)         
------------------------------------------------------------------------------------
