 Total Nb of available Diagnostics: ndiagt=   329
------------------------------------------------------------------------------------
  Num  |<-Name->|Levs|  mate |<- code ->|<--  Units   -->|<- Tile (max=80c)         
------------------------------------------------------------------------------------
     1 |SDIAG1  |  1 |       |SM      L1|user-defined    |User-Defined   Surface   Diagnostic  #1
     2 |SDIAG2  |  1 |       |SM      L1|user-defined    |User-Defined   Surface   Diagnostic  #2
     3 |SDIAG3  |  1 |       |SM      L1|user-defined    |User-Defined   Surface   Diagnostic  #3
     4 |SDIAG4  |  1 |       |SM      L1|user-defined    |User-Defined   Surface   Diagnostic  #4
     5 |SDIAG5  |  1 |       |SM      L1|user-defined    |User-Defined   Surface   Diagnostic  #5
     6 |SDIAG6  |  1 |       |SM      L1|user-defined    |User-Defined   Surface   Diagnostic  #6
     7 |SDIAG7  |  1 |       |SU      L1|user-defined    |User-Defined U.pt Surface Diagnostic #7
     8 |SDIAG8  |  1 |       |SV      L1|user-defined    |User-Defined V.pt Surface Diagnostic #8
     9 |SDIAG9  |  1 |    10 |UU      L1|user-defined    |User-Defined U.vector Surface Diag.  #9
    10 |SDIAG10 |  1 |     9 |VV      L1|user-defined    |User-Defined V.vector Surface Diag. #10
    11 |UDIAG1  |120 |       |SM      MR|user-defined    |User-Defined Model-Level Diagnostic  #1
    12 |UDIAG2  |120 |       |SM      MR|user-defined    |User-Defined Model-Level Diagnostic  #2
    13 |UDIAG3  |120 |       |SMR     MR|user-defined    |User-Defined Model-Level Diagnostic  #3
    14 |UDIAG4  |120 |       |SMR     MR|user-defined    |User-Defined Model-Level Diagnostic  #4
    15 |UDIAG5  |120 |       |SU      MR|user-defined    |User-Defined U.pt Model-Level Diag.  #5
    16 |UDIAG6  |120 |       |SV      MR|user-defined    |User-Defined V.pt Model-Level Diag.  #6
    17 |UDIAG7  |120 |    18 |UUR     MR|user-defined    |User-Defined U.vector Model-Lev Diag.#7
    18 |UDIAG8  |120 |    17 |VVR     MR|user-defined    |User-Defined V.vector Model-Lev Diag.#8
    19 |UDIAG9  |120 |       |SM      ML|user-defined    |User-Defined Phys-Level  Diagnostic  #9
    20 |UDIAG10 |120 |       |SM      ML|user-defined    |User-Defined Phys-Level  Diagnostic #10
    21 |SDIAGC  |  1 |    22 |SM  C   L1|user-defined    |User-Defined Counted Surface Diagnostic
    22 |SDIAGCC |  1 |       |SM      L1|count           |User-Defined Surface Diagnostic Counter
    23 |ETAN    |  1 |       |SM      M1|m               |Surface Height Anomaly
    24 |ETANSQ  |  1 |       |SM P    M1|m^2             |Square of Surface Height Anomaly
    25 |DETADT2 |  1 |       |SM      M1|m^2/s^2         |Square of Surface Height Anomaly Tendency
    26 |THETA   |120 |       |SMR     MR|degC            |Potential Temperature
    27 |SALT    |120 |       |SMR     MR|psu             |Salinity
    28 |RELHUM  |120 |       |SMR     MR|percent         |Relative Humidity
    29 |SALTanom|120 |       |SMR     MR|psu             |Salt anomaly (=SALT-35; g/kg)
    30 |UVEL    |120 |    31 |UUR     MR|m/s             |Zonal Component of Velocity (m/s)
    31 |VVEL    |120 |    30 |VVR     MR|m/s             |Meridional Component of Velocity (m/s)
    32 |WVEL    |120 |       |WM      LR|m/s             |Vertical Component of Velocity (r_units/s)
    33 |THETASQ |120 |       |SMRP    MR|degC^2          |Square of Potential Temperature
    34 |SALTSQ  |120 |       |SMRP    MR|(psu)^2         |Square of Salinity
    35 |SALTSQan|120 |       |SMRP    MR|(psu)^2         |Square of Salt anomaly (=(SALT-35)^2 (g^2/kg^2)
    36 |UVELSQ  |120 |    37 |UURP    MR|m^2/s^2         |Square of Zonal Comp of Velocity (m^2/s^2)
    37 |VVELSQ  |120 |    36 |VVRP    MR|m^2/s^2         |Square of Meridional Comp of Velocity (m^2/s^2)
    38 |WVELSQ  |120 |       |WM P    LR|m^2/s^2         |Square of Vertical Comp of Velocity
    39 |UE_VEL_C|120 |    40 |UMR     MR|m/s             |Eastward Velocity (m/s) (cell center)
    40 |VN_VEL_C|120 |    39 |VMR     MR|m/s             |Northward Velocity (m/s) (cell center)
    41 |UV_VEL_C|120 |    41 |UMR     MR|m^2/s^2         |Product of horizontal Comp of velocity (cell center)
    42 |UV_VEL_Z|120 |    42 |UZR     MR|m^2/s^2         |Meridional Transport of Zonal Momentum (m^2/s^2)
    43 |WU_VEL  |120 |       |WU      LR|m.m/s^2         |Vertical Transport of Zonal Momentum
    44 |WV_VEL  |120 |       |WV      LR|m.m/s^2         |Vertical Transport of Meridional Momentum
    45 |UVELMASS|120 |    46 |UUr     MR|m/s             |Zonal Mass-Weighted Comp of Velocity (m/s)
    46 |VVELMASS|120 |    45 |VVr     MR|m/s             |Meridional Mass-Weighted Comp of Velocity (m/s)
    47 |WVELMASS|120 |       |WM      LR|m/s             |Vertical Mass-Weighted Comp of Velocity
    48 |PhiVEL  |120 |    45 |SMR P   MR|m^2/s           |Horizontal Velocity Potential (m^2/s)
    49 |PsiVEL  |120 |    48 |SZ  P   MR|m.m^2/s         |Horizontal Velocity Stream-Function
    50 |UTHMASS |120 |    51 |UUr     MR|degC.m/s        |Zonal Mass-Weight Transp of Pot Temp
    51 |VTHMASS |120 |    50 |VVr     MR|degC.m/s        |Meridional Mass-Weight Transp of Pot Temp
    52 |WTHMASS |120 |       |WM      LR|degC.m/s        |Vertical Mass-Weight Transp of Pot Temp (K.m/s)
    53 |USLTMASS|120 |    54 |UUr     MR|psu.m/s         |Zonal Mass-Weight Transp of Salinity
    54 |VSLTMASS|120 |    53 |VVr     MR|psu.m/s         |Meridional Mass-Weight Transp of Salinity
    55 |WSLTMASS|120 |       |WM      LR|psu.m/s         |Vertical Mass-Weight Transp of Salinity
    56 |UVELTH  |120 |    57 |UUR     MR|degC.m/s        |Zonal Transport of Pot Temp
    57 |VVELTH  |120 |    56 |VVR     MR|degC.m/s        |Meridional Transport of Pot Temp
    58 |WVELTH  |120 |       |WM      LR|degC.m/s        |Vertical Transport of Pot Temp
    59 |UVELSLT |120 |    60 |UUR     MR|psu.m/s         |Zonal Transport of Salinity
    60 |VVELSLT |120 |    59 |VVR     MR|psu.m/s         |Meridional Transport of Salinity
    61 |WVELSLT |120 |       |WM      LR|psu.m/s         |Vertical Transport of Salinity
    62 |UVELPHI |120 |    63 |UUr     MR|m^3/s^3         |Zonal Mass-Weight Transp of Pressure Pot.(p/rho) Anomaly
    63 |VVELPHI |120 |    62 |VVr     MR|m^3/s^3         |Merid. Mass-Weight Transp of Pressure Pot.(p/rho) Anomaly
    64 |RHOAnoma|120 |       |SMR     MR|kg/m^3          |Density Anomaly (=Rho-rhoConst)
    65 |RHOANOSQ|120 |       |SMRP    MR|kg^2/m^6        |Square of Density Anomaly (=(Rho-rhoConst)^2)
    66 |URHOMASS|120 |    67 |UUr     MR|kg/m^2/s        |Zonal Transport of Density
    67 |VRHOMASS|120 |    66 |VVr     MR|kg/m^2/s        |Meridional Transport of Density
    68 |WRHOMASS|120 |       |WM      LR|kg/m^2/s        |Vertical Transport of Density
    69 |WdRHO_P |120 |       |WM      LR|kg/m^2/s        |Vertical velocity times delta^k(Rho)_at-const-P
    70 |WdRHOdP |120 |       |WM      LR|kg/m^2/s        |Vertical velocity times delta^k(Rho)_at-const-T,S
    71 |PHIHYD  |120 |       |SMR     MR|m^2/s^2         |Hydrostatic Pressure Pot.(p/rho) Anomaly
    72 |PHIHYDSQ|120 |       |SMRP    MR|m^4/s^4         |Square of Hyd. Pressure Pot.(p/rho) Anomaly
    73 |PHIBOT  |  1 |       |SM      M1|m^2/s^2         |Bottom Pressure Pot.(p/rho) Anomaly
    74 |PHIBOTSQ|  1 |       |SM P    M1|m^4/s^4         |Square of Bottom Pressure Pot.(p/rho) Anomaly
    75 |PHI_SURF|  1 |       |SM      M1|m^2/s^2         |Surface Dynamical Pressure Pot.(p/rho)
    76 |PHIHYDcR|120 |       |SMR     MR|m^2/s^2         |Hydrostatic Pressure Pot.(p/rho) Anomaly @ const r
    77 |MXLDEPTH|  1 |       |SM      M1|m               |Mixed-Layer Depth (>0)
    78 |DRHODR  |120 |       |SM      LR|kg/m^4          |Stratification: d.Sigma/dr (kg/m3/r_unit)
    79 |CONVADJ |120 |       |SMR     LR|fraction        |Convective Adjustment Index [0-1]
    80 |oceTAUX |  1 |    81 |UU      U1|N/m^2           |zonal surface wind stress, >0 increases uVel
    81 |oceTAUY |  1 |    80 |VV      U1|N/m^2           |meridional surf. wind stress, >0 increases vVel
    82 |atmPload|  1 |       |SM      U1|Pa              |Atmospheric pressure loading
    83 |sIceLoad|  1 |       |SM      U1|kg/m^2          |sea-ice loading (in Mass of ice+snow / area unit)
    84 |oceFWflx|  1 |       |SM      U1|kg/m^2/s        |net surface Fresh-Water flux into the ocean (+=down), >0 decreases salinity
    85 |oceSflux|  1 |       |SM      U1|g/m^2/s         |net surface Salt flux into the ocean (+=down), >0 increases salinity
    86 |oceQnet |  1 |       |SM      U1|W/m^2           |net surface heat flux into the ocean (+=down), >0 increases theta
    87 |oceQsw  |  1 |       |SM      U1|W/m^2           |net Short-Wave radiation (+=down), >0 increases theta
    88 |oceFreez|  1 |       |SM      U1|W/m^2           |heating from freezing of sea-water (allowFreezing=T)
    89 |TRELAX  |  1 |       |SM      U1|W/m^2           |surface temperature relaxation, >0 increases theta
    90 |SRELAX  |  1 |       |SM      U1|g/m^2/s         |surface salinity relaxation, >0 increases salt
    91 |surForcT|  1 |       |SM      U1|W/m^2           |model surface forcing for Temperature, >0 increases theta
    92 |surForcS|  1 |       |SM      U1|g/m^2/s         |model surface forcing for Salinity, >0 increases salinity
    93 |TFLUX   |  1 |       |SM      U1|W/m^2           |total heat flux (match heat-content variations), >0 increases theta
    94 |SFLUX   |  1 |       |SM      U1|g/m^2/s         |total salt flux (match salt-content variations), >0 increases salt
    95 |RCENTER |120 |       |SM      MR|m               |Cell-Center Height
    96 |RSURF   |  1 |       |SM      M1|m               |Surface Height
    97 |TOTUTEND|120 |    98 |UUR     MR|m/s/day         |Tendency of Zonal Component of Velocity
    98 |TOTVTEND|120 |    97 |VVR     MR|m/s/day         |Tendency of Meridional Component of Velocity
    99 |TOTTTEND|120 |       |SMR     MR|degC/day        |Tendency of Potential Temperature
------------------------------------------------------------------------------------
  Num  |<-Name->|Levs|  mate |<- code ->|<--  Units   -->|<- Tile (max=80c)         
------------------------------------------------------------------------------------
   100 |TOTSTEND|120 |       |SMR     MR|psu/day         |Tendency of Salinity
   101 |MoistCor|120 |       |SM      MR|W/m^2           |Heating correction due to moist thermodynamics
   102 |gT_Forc |120 |       |SMR     MR|degC/s          |Potential Temp. forcing tendency
   103 |gS_Forc |120 |       |SMR     MR|psu/s           |Salinity forcing tendency
   104 |AB_gT   |120 |       |SMR     MR|degC/s          |Potential Temp. tendency from Adams-Bashforth
   105 |AB_gS   |120 |       |SMR     MR|psu/s           |Salinity tendency from Adams-Bashforth
   106 |gTinAB  |120 |       |SMR     MR|degC/s          |Potential Temp. tendency going in Adams-Bashforth
   107 |gSinAB  |120 |       |SMR     MR|psu/s           |Salinity tendency going in Adams-Bashforth
   108 |AB_gU   |120 |   109 |UUR     MR|m/s^2           |U momentum tendency from Adams-Bashforth
   109 |AB_gV   |120 |   108 |VVR     MR|m/s^2           |V momentum tendency from Adams-Bashforth
   110 |ADVr_TH |120 |       |WM      LR|degC.m^3/s      |Vertical   Advective Flux of Pot.Temperature
   111 |ADVx_TH |120 |   112 |UU      MR|degC.m^3/s      |Zonal      Advective Flux of Pot.Temperature
   112 |ADVy_TH |120 |   111 |VV      MR|degC.m^3/s      |Meridional Advective Flux of Pot.Temperature
   113 |DFrE_TH |120 |       |WM      LR|degC.m^3/s      |Vertical Diffusive Flux of Pot.Temperature (Explicit part)
   114 |DFxE_TH |120 |   115 |UU      MR|degC.m^3/s      |Zonal      Diffusive Flux of Pot.Temperature
   115 |DFyE_TH |120 |   114 |VV      MR|degC.m^3/s      |Meridional Diffusive Flux of Pot.Temperature
   116 |DFrI_TH |120 |       |WM      LR|degC.m^3/s      |Vertical Diffusive Flux of Pot.Temperature (Implicit part)
   117 |ADVr_SLT|120 |       |WM      LR|psu.m^3/s       |Vertical   Advective Flux of Salinity
   118 |ADVx_SLT|120 |   119 |UU      MR|psu.m^3/s       |Zonal      Advective Flux of Salinity
   119 |ADVy_SLT|120 |   118 |VV      MR|psu.m^3/s       |Meridional Advective Flux of Salinity
   120 |DFrE_SLT|120 |       |WM      LR|psu.m^3/s       |Vertical Diffusive Flux of Salinity    (Explicit part)
   121 |DFxE_SLT|120 |   122 |UU      MR|psu.m^3/s       |Zonal      Diffusive Flux of Salinity
   122 |DFyE_SLT|120 |   121 |VV      MR|psu.m^3/s       |Meridional Diffusive Flux of Salinity
   123 |DFrI_SLT|120 |       |WM      LR|psu.m^3/s       |Vertical Diffusive Flux of Salinity    (Implicit part)
   124 |SALTFILL|120 |       |SM      MR|psu.m^3/s       |Filling of Negative Values of Salinity
   125 |VISCAHZ |120 |       |SZ      MR|m^2/s           |Harmonic Visc Coefficient (m2/s) (Zeta Pt)
   126 |VISCA4Z |120 |       |SZ      MR|m^4/s           |Biharmonic Visc Coefficient (m4/s) (Zeta Pt)
   127 |VISCAHD |120 |       |SM      MR|m^2/s           |Harmonic Viscosity Coefficient (m2/s) (Div Pt)
   128 |VISCA4D |120 |       |SM      MR|m^4/s           |Biharmonic Viscosity Coefficient (m4/s) (Div Pt)
   129 |VISCAHW |120 |       |WM      LR|m^2/s           |Harmonic Viscosity Coefficient (m2/s) (W Pt)
   130 |VISCA4W |120 |       |WM      LR|m^4/s           |Biharmonic Viscosity Coefficient (m4/s) (W Pt)
   131 |VAHZMAX |120 |       |SZ      MR|m^2/s           |CFL-MAX Harm Visc Coefficient (m2/s) (Zeta Pt)
   132 |VA4ZMAX |120 |       |SZ      MR|m^4/s           |CFL-MAX Biharm Visc Coefficient (m4/s) (Zeta Pt)
   133 |VAHDMAX |120 |       |SM      MR|m^2/s           |CFL-MAX Harm Visc Coefficient (m2/s) (Div Pt)
   134 |VA4DMAX |120 |       |SM      MR|m^4/s           |CFL-MAX Biharm Visc Coefficient (m4/s) (Div Pt)
   135 |VAHZMIN |120 |       |SZ      MR|m^2/s           |RE-MIN Harm Visc Coefficient (m2/s) (Zeta Pt)
   136 |VA4ZMIN |120 |       |SZ      MR|m^4/s           |RE-MIN Biharm Visc Coefficient (m4/s) (Zeta Pt)
   137 |VAHDMIN |120 |       |SM      MR|m^2/s           |RE-MIN Harm Visc Coefficient (m2/s) (Div Pt)
   138 |VA4DMIN |120 |       |SM      MR|m^4/s           |RE-MIN Biharm Visc Coefficient (m4/s) (Div Pt)
   139 |VAHZLTH |120 |       |SZ      MR|m^2/s           |Leith Harm Visc Coefficient (m2/s) (Zeta Pt)
   140 |VA4ZLTH |120 |       |SZ      MR|m^4/s           |Leith Biharm Visc Coefficient (m4/s) (Zeta Pt)
   141 |VAHDLTH |120 |       |SM      MR|m^2/s           |Leith Harm Visc Coefficient (m2/s) (Div Pt)
   142 |VA4DLTH |120 |       |SM      MR|m^4/s           |Leith Biharm Visc Coefficient (m4/s) (Div Pt)
   143 |VAHZLTHD|120 |       |SZ      MR|m^2/s           |LeithD Harm Visc Coefficient (m2/s) (Zeta Pt)
   144 |VA4ZLTHD|120 |       |SZ      MR|m^4/s           |LeithD Biharm Visc Coefficient (m4/s) (Zeta Pt)
   145 |VAHDLTHD|120 |       |SM      MR|m^2/s           |LeithD Harm Visc Coefficient (m2/s) (Div Pt)
   146 |VA4DLTHD|120 |       |SM      MR|m^4/s           |LeithD Biharm Visc Coefficient (m4/s) (Div Pt)
   147 |VAHZLTHQ|120 |       |SZ      MR|m^2/s           |LeithQG Harm Visc Coefficient (m2/s) (Zeta Pt)
   148 |VAHDLTHQ|120 |       |SM      MR|m^2/s           |LeithQG Harm Visc Coefficient (m2/s) (Div Pt)
   149 |VAHZSMAG|120 |       |SZ      MR|m^2/s           |Smagorinsky Harm Visc Coefficient (m2/s) (Zeta Pt)
   150 |VA4ZSMAG|120 |       |SZ      MR|m^4/s           |Smagorinsky Biharm Visc Coeff. (m4/s) (Zeta Pt)
   151 |VAHDSMAG|120 |       |SM      MR|m^2/s           |Smagorinsky Harm Visc Coefficient (m2/s) (Div Pt)
   152 |VA4DSMAG|120 |       |SM      MR|m^4/s           |Smagorinsky Biharm Visc Coeff. (m4/s) (Div Pt)
   153 |momKE   |120 |       |SMR     MR|m^2/s^2         |Kinetic Energy (in momentum Eq.)
   154 |momHDiv |120 |       |SMR     MR|s^-1            |Horizontal Divergence (in momentum Eq.)
   155 |momVort3|120 |       |SZR     MR|s^-1            |3rd component (vertical) of Vorticity
   156 |Strain  |120 |       |SZR     MR|s^-1            |Horizontal Strain of Horizontal Velocities
   157 |Tension |120 |       |SMR     MR|s^-1            |Horizontal Tension of Horizontal Velocities
   158 |Stretch |120 |       |SM      MR|s^-1            |Vortex stretching from QG Leith dynamic viscosity
   159 |UBotDrag|120 |   160 |UUR     MR|m/s^2           |U momentum tendency from Bottom Drag
   160 |VBotDrag|120 |   159 |VVR     MR|m/s^2           |V momentum tendency from Bottom Drag
   161 |USidDrag|120 |   162 |UUR     MR|m/s^2           |U momentum tendency from Side Drag
   162 |VSidDrag|120 |   161 |VVR     MR|m/s^2           |V momentum tendency from Side Drag
   163 |Um_Diss |120 |   164 |UUR     MR|m/s^2           |U momentum tendency from Dissipation
   164 |Vm_Diss |120 |   163 |VVR     MR|m/s^2           |V momentum tendency from Dissipation
   165 |Um_Advec|120 |   166 |UUR     MR|m/s^2           |U momentum tendency from Advection terms
   166 |Vm_Advec|120 |   165 |VVR     MR|m/s^2           |V momentum tendency from Advection terms
   167 |Um_Cori |120 |   168 |UUR     MR|m/s^2           |U momentum tendency from Coriolis term
   168 |Vm_Cori |120 |   167 |VVR     MR|m/s^2           |V momentum tendency from Coriolis term
   169 |Um_dPHdx|120 |   170 |UUR     MR|m/s^2           |U momentum tendency from Hydrostatic Pressure grad
   170 |Vm_dPHdy|120 |   169 |VVR     MR|m/s^2           |V momentum tendency from Hydrostatic Pressure grad
   171 |Um_Ext  |120 |   172 |UUR     MR|m/s^2           |U momentum tendency from external forcing
   172 |Vm_Ext  |120 |   171 |VVR     MR|m/s^2           |V momentum tendency from external forcing
   173 |Um_AdvZ3|120 |   174 |UUR     MR|m/s^2           |U momentum tendency from Vorticity Advection
   174 |Vm_AdvZ3|120 |   173 |VVR     MR|m/s^2           |V momentum tendency from Vorticity Advection
   175 |Um_AdvRe|120 |   176 |UUR     MR|m/s^2           |U momentum tendency from vertical Advection (Explicit part)
   176 |Vm_AdvRe|120 |   175 |VVR     MR|m/s^2           |V momentum tendency from vertical Advection (Explicit part)
   177 |ADVx_Um |120 |   178 |UM      MR|m^4/s^2         |Zonal      Advective Flux of U momentum
   178 |ADVy_Um |120 |   177 |VZ      MR|m^4/s^2         |Meridional Advective Flux of U momentum
   179 |ADVrE_Um|120 |       |WU      LR|m^4/s^2         |Vertical   Advective Flux of U momentum (Explicit part)
   180 |ADVx_Vm |120 |   181 |UZ      MR|m^4/s^2         |Zonal      Advective Flux of V momentum
   181 |ADVy_Vm |120 |   180 |VM      MR|m^4/s^2         |Meridional Advective Flux of V momentum
   182 |ADVrE_Vm|120 |       |WV      LR|m^4/s^2         |Vertical   Advective Flux of V momentum (Explicit part)
   183 |VISCx_Um|120 |   184 |UM      MR|m^4/s^2         |Zonal      Viscous Flux of U momentum
   184 |VISCy_Um|120 |   183 |VZ      MR|m^4/s^2         |Meridional Viscous Flux of U momentum
   185 |VISrE_Um|120 |       |WU      LR|m^4/s^2         |Vertical   Viscous Flux of U momentum (Explicit part)
   186 |VISrI_Um|120 |       |WU      LR|m^4/s^2         |Vertical   Viscous Flux of U momentum (Implicit part)
   187 |VISCx_Vm|120 |   188 |UZ      MR|m^4/s^2         |Zonal      Viscous Flux of V momentum
   188 |VISCy_Vm|120 |   187 |VM      MR|m^4/s^2         |Meridional Viscous Flux of V momentum
   189 |VISrE_Vm|120 |       |WV      LR|m^4/s^2         |Vertical   Viscous Flux of V momentum (Explicit part)
   190 |VISrI_Vm|120 |       |WV      LR|m^4/s^2         |Vertical   Viscous Flux of V momentum (Implicit part)
   191 |EXFhs   |  1 |       |SM      U1|W/m^2           |Sensible heat flux into ocean, >0 increases theta
   192 |EXFhl   |  1 |       |SM      U1|W/m^2           |Latent heat flux into ocean, >0 increases theta
   193 |EXFlwnet|  1 |       |SM      U1|W/m^2           |Net upward longwave radiation, >0 decreases theta
   194 |EXFswnet|  1 |       |SM      U1|W/m^2           |Net upward shortwave radiation, >0 decreases theta
   195 |EXFlwdn |  1 |       |SM      U1|W/m^2           |Downward longwave radiation, >0 increases theta
   196 |EXFswdn |  1 |       |SM      U1|W/m^2           |Downward shortwave radiation, >0 increases theta
   197 |EXFqnet |  1 |       |SM      U1|W/m^2           |Net upward heat flux (turb+rad), >0 decreases theta
   198 |EXFtaux |  1 |       |UM      U1|N/m^2           |zonal surface wind stress, >0 increases uVel
   199 |EXFtauy |  1 |       |VM      U1|N/m^2           |meridional surface wind stress, >0 increases vVel
------------------------------------------------------------------------------------
  Num  |<-Name->|Levs|  mate |<- code ->|<--  Units   -->|<- Tile (max=80c)         
------------------------------------------------------------------------------------
   200 |EXFuwind|  1 |       |UM      U1|m/s             |zonal 10-m wind speed, >0 eastward
   201 |EXFvwind|  1 |       |VM      U1|m/s             |meridional 10-m wind speed, >0 northward
   202 |EXFwspee|  1 |       |SM      U1|m/s             |10-m wind speed modulus ( >= 0 )
   203 |EXFatemp|  1 |       |SM      U1|degK            |surface (2-m) air temperature
   204 |EXFaqh  |  1 |       |SM      U1|kg/kg           |surface (2-m) specific humidity
   205 |EXFevap |  1 |       |SM      U1|m/s             |evaporation, > 0 increases salinity
   206 |EXFpreci|  1 |       |SM      U1|m/s             |precipitation, > 0 decreases salinity
   207 |EXFsnow |  1 |       |SM      U1|m/s             |snow precipitation, > 0 decreases salinity
   208 |EXFempmr|  1 |       |SM      U1|m/s             |net upward freshwater flux, > 0 increases salinity
   209 |EXFpress|  1 |       |SM      U1|N/m^2           |atmospheric pressure field
   210 |EXFroff |  1 |       |SM      U1|m/s             |river runoff, > 0 decreases salinity
   211 |EXFroft |  1 |       |SM      U1|deg C           |river runoff temperature
   212 |EXFsalfx|  1 |       |SM      U1|psu.kg/m^2/s    |upward salt flux, > 0 decreases salinity
   213 |KPPviscA|120 |       |SM P    LR|m^2/s           |KPP vertical eddy viscosity coefficient
   214 |KPPdiffS|120 |       |SM P    LR|m^2/s           |Vertical diffusion coefficient for salt & tracers
   215 |KPPdiffT|120 |       |SM P    LR|m^2/s           |Vertical diffusion coefficient for heat
   216 |KPPghatK|120 |       |SM P    LR|0-1             |ratio of KPP non-local (salt) flux relative to surface-flux
   217 |KPPhbl  |  1 |       |SM P     1|m               |KPP boundary layer depth, bulk Ri criterion
   218 |KPPfrac |  1 |       |SM P     1|                |Short-wave flux fraction penetrating mixing layer
   219 |KPPdbsfc|120 |       |SM P    UR|m/s^2           |Buoyancy difference with respect to surface
   220 |KPPbfsfc|120 |       |SM P    UR|m^2/s^3         |Bo+radiation absorbed to d=hbf*hbl + plume
   221 |KPPRi   |120 |       |SM P    UR|non-dimensional |Bulk Richardson number
   222 |KPPbo   |  1 |       |SM P     1|m^2/s^3         |Surface turbulent buoyancy forcing
   223 |KPPbosol|  1 |       |SM P     1|m^2/s^3         |surface radiative buoyancy forcing
   224 |KPPdbloc|120 |       |SM P    UR|m/s^2           |Local delta buoyancy across interfaces
   225 |KPPnuddt|120 |       |SM P    UR|m^2/s           |Vertical double diffusion coefficient for heat
   226 |KPPnudds|120 |       |SM P    UR|m^2/s           |Vertical double diffusion coefficient for salt
   227 |KPPg_TH |120 |       |WM      LR|degC.m^3/s      |KPP non-local Flux of Pot.Temperature
   228 |KPPg_SLT|120 |       |WM      LR|psu.m^3/s       |KPP non-local Flux of Salinity
   229 |GM_VisbK|  1 |       |SM P    M1|m^2/s           |Mixing coefficient from Visbeck etal parameterization
   230 |GM_hTrsL|  1 |       |SM P    M1|m               |Base depth (>0) of the Transition Layer
   231 |GM_baseS|  1 |       |SM P    M1|1               |Slope at the base of the Transition Layer
   232 |GM_rLamb|  1 |       |SM P    M1|1/m             |Slope vertical gradient at Trans. Layer Base (=recip.Lambda)
   233 |SubMesLf|  1 |       |SM P    M1|m               |Sub-Meso horiz. Length Scale (Lf)
   234 |SubMpsiX|  1 |   235 |UU      M1|m^2/s           |Sub-Meso transp.stream-funct. magnitude (Psi0): U component
   235 |SubMpsiY|  1 |   234 |VV      M1|m^2/s           |Sub-Meso transp.stream-funct. magnitude (Psi0): V component
   236 |GM_Kux  |120 |   237 |UU P    MR|m^2/s           |K_11 element (U.point, X.dir) of GM-Redi tensor
   237 |GM_Kvy  |120 |   236 |VV P    MR|m^2/s           |K_22 element (V.point, Y.dir) of GM-Redi tensor
   238 |GM_Kuz  |120 |   239 |UU      MR|m^2/s           |K_13 element (U.point, Z.dir) of GM-Redi tensor
   239 |GM_Kvz  |120 |   238 |VV      MR|m^2/s           |K_23 element (V.point, Z.dir) of GM-Redi tensor
   240 |GM_Kwx  |120 |   241 |UM      LR|m^2/s           |K_31 element (W.point, X.dir) of GM-Redi tensor
   241 |GM_Kwy  |120 |   240 |VM      LR|m^2/s           |K_32 element (W.point, Y.dir) of GM-Redi tensor
   242 |GM_Kwz  |120 |       |WM P    LR|m^2/s           |K_33 element (W.point, Z.dir) of GM-Redi tensor
   243 |GM_PsiX |120 |   244 |UU      LR|m^2/s           |GM Bolus transport stream-function : U component
   244 |GM_PsiY |120 |   243 |VV      LR|m^2/s           |GM Bolus transport stream-function : V component
   245 |GM_KuzTz|120 |   246 |UU      MR|degC.m^3/s      |Redi Off-diagonal Temperature flux: X component
   246 |GM_KvzTz|120 |   245 |VV      MR|degC.m^3/s      |Redi Off-diagonal Temperature flux: Y component
   247 |GM_KwzTz|120 |       |WM      LR|degC.m^3/s      |Redi main-diagonal vertical Temperature flux
   248 |GM_ubT  |120 |   249 |UUr     MR|degC.m^3/s      |Zonal Mass-Weight Bolus Transp of Pot Temp
   249 |GM_vbT  |120 |   248 |VVr     MR|degC.m^3/s      |Meridional Mass-Weight Bolus Transp of Pot Temp
   250 |SHIfwFlx|  1 |       |SM      L1|kg/m^2/s        |Ice shelf fresh water flux (positive upward)
   251 |SHIhtFlx|  1 |       |SM      L1|W/m^2           |Ice shelf heat flux  (positive upward)
   252 |SHIUDrag|120 |   253 |UU      MR|m/s^2           |U momentum tendency from ice shelf drag
   253 |SHIVDrag|120 |   252 |VV      MR|m/s^2           |V momentum tendency from ice shelf drag
   254 |SHIForcT|  1 |       |SM      L1|W/m^2           |Ice shelf forcing for theta, >0 increases theta
   255 |SHIForcS|  1 |       |SM      L1|g/m^2/s         |Ice shelf forcing for salt, >0 increases salt
   256 |SHIgammT|  1 |       |SM      L1|m/s             |Ice shelf exchange coefficient for theta
   257 |SHIgammS|  1 |       |SM      L1|m/s             |Ice shelf exchange coefficient for salt
   258 |SHIuStar|  1 |       |SM      L1|m/s             |Friction velocity at bottom of ice shelf
   259 |SHI_mass|  1 |       |SM      L1|kg/m^2          |dynamic ice shelf mass for surface load anomaly
   260 |SIarea  |  1 |       |SM      M1|m^2/m^2         |SEAICE fractional ice-covered area [0 to 1]
   261 |SIareaPR|  1 |       |SM      M1|m^2/m^2         |SIarea preceeding ridging process
   262 |SIareaPT|  1 |       |SM      M1|m^2/m^2         |SIarea preceeding thermodynamic growth/melt
   263 |SIheff  |  1 |       |SM      M1|m               |SEAICE effective ice thickness
   264 |SIheffPT|  1 |       |SM      M1|m               |SIheff preceeeding thermodynamic growth/melt
   265 |SIhsnow |  1 |       |SM      M1|m               |SEAICE effective snow thickness
   266 |SIhsnoPT|  1 |       |SM      M1|m               |SIhsnow preceeeding thermodynamic growth/melt
   267 |SIhsalt |  1 |       |SM      M1|g/m^2           |SEAICE effective salinity
   268 |SItices |  1 |   260 |SM  C   M1|K               |Surface Temperature over Sea-Ice (area weighted)
   269 |SIuice  |  1 |   270 |UU      M1|m/s             |SEAICE zonal ice velocity, >0 from West to East
   270 |SIvice  |  1 |   269 |VV      M1|m/s             |SEAICE merid. ice velocity, >0 from South to North
   271 |SItaux  |  1 |   272 |UU      U1|N/m^2           |SEAICE zonal surface wind stress, >0 increases uIce
   272 |SItauy  |  1 |   271 |VV      U1|N/m^2           |SEAICE merid surface wind stress, >0 increases vIce
   273 |SIatmTx |  1 |   274 |UU      U1|N/m^2           |Zonal surface wind stress over Ocean+SeaIce
   274 |SIatmTy |  1 |   273 |VV      U1|N/m^2           |Merid surface wind stress over Ocean+SeaIce
   275 |SIqnet  |  1 |       |SM      U1|W/m^2           |Ocean surface heatflux, turb+rad, >0 decreases theta
   276 |SIqsw   |  1 |       |SM      U1|W/m^2           |Ocean surface shortwave radiat., >0 decreases theta
   277 |SIatmQnt|  1 |       |SM      U1|W/m^2           |Net atmospheric heat flux, >0 decreases theta
   278 |SItflux |  1 |       |SM      U1|W/m^2           |Same as TFLUX but incl seaice (>0 incr T decr H)
   279 |SIaaflux|  1 |       |SM      U1|W/m^2           |conservative ocn<->seaice adv. heat flux adjust.
   280 |SIhl    |  1 |       |SM      U1|W/m^2           |Latent heat flux into ocean, >0 increases theta
   281 |SIqneto |  1 |       |SM      U1|W/m^2           |Open Ocean Part of SIqnet, turb+rad, >0 decr theta
   282 |SIqneti |  1 |       |SM      U1|W/m^2           |Ice Covered Part of SIqnet, turb+rad, >0 decr theta
   283 |SIempmr |  1 |       |SM      U1|kg/m^2/s        |Ocean surface freshwater flux, > 0 increases salt
   284 |SIatmFW |  1 |       |SM      U1|kg/m^2/s        |Net freshwater flux from atmosphere & land (+=down)
   285 |SIsnPrcp|  1 |       |SM      U1|kg/m^2/s        |Snow precip. (+=dw) over Sea-Ice (area weighted)
   286 |SIfwSubl|  1 |       |SM      U1|kg/m^2/s        |Potential sublimation freshwater flux, >0 decr. ice
   287 |SIacSubl|  1 |       |SM      U1|kg/m^2/s        |Actual sublimation freshwater flux, >0 decr. ice
   288 |SIrsSubl|  1 |       |SM      U1|kg/m^2/s        |Residual subl. freshwater flux, >0 taken from ocn
   289 |SIactLHF|  1 |       |SM      U1|W/m^2           |Actual latent heat flux over ice
   290 |SImaxLHF|  1 |       |SM      U1|W/m^2           |Maximum latent heat flux over ice
   291 |SIaQbOCN|  1 |       |SM      M1|m/s             |Potential HEFF rate of change by ocean ice flux
   292 |SIaQbATC|  1 |       |SM      M1|m/s             |Potential HEFF rate of change by atm flux over ice
   293 |SIaQbATO|  1 |       |SM      M1|m/s             |Potential HEFF rate of change by open ocn atm flux
   294 |SIdHbOCN|  1 |       |SM      M1|m/s             |HEFF rate of change by ocean ice flux
   295 |SIdSbATC|  1 |       |SM      M1|m/s             |HSNOW rate of change by atm flux over sea ice
   296 |SIdSbOCN|  1 |       |SM      M1|m/s             |HSNOW rate of change by ocean ice flux
   297 |SIdHbATC|  1 |       |SM      M1|m/s             |HEFF rate of change by atm flux over sea ice
   298 |SIdHbATO|  1 |       |SM      M1|m/s             |HEFF rate of change by open ocn atm flux
   299 |SIdHbFLO|  1 |       |SM      M1|m/s             |HEFF rate of change by flooding snow
------------------------------------------------------------------------------------
  Num  |<-Name->|Levs|  mate |<- code ->|<--  Units   -->|<- Tile (max=80c)         
------------------------------------------------------------------------------------
   300 |SIdAbATO|  1 |       |SM      M1|m^2/m^2/s       |Potential AREA rate of change by open ocn atm flux
   301 |SIdAbATC|  1 |       |SM      M1|m^2/m^2/s       |Potential AREA rate of change by atm flux over ice
   302 |SIdAbOCN|  1 |       |SM      M1|m^2/m^2/s       |Potential AREA rate of change by ocean ice flux
   303 |SIdA    |  1 |       |SM      M1|m^2/m^2/s       |AREA rate of change (net)
   304 |ADVxHEFF|  1 |   305 |UU      M1|m.m^2/s         |Zonal      Advective Flux of eff ice thickn
   305 |ADVyHEFF|  1 |   304 |VV      M1|m.m^2/s         |Meridional Advective Flux of eff ice thickn
   306 |DFxEHEFF|  1 |   307 |UU      M1|m.m^2/s         |Zonal      Diffusive Flux of eff ice thickn
   307 |DFyEHEFF|  1 |   306 |VV      M1|m.m^2/s         |Meridional Diffusive Flux of eff ice thickn
   308 |ADVxAREA|  1 |   309 |UU      M1|m^2/m^2.m^2/s   |Zonal      Advective Flux of fract area
   309 |ADVyAREA|  1 |   308 |VV      M1|m^2/m^2.m^2/s   |Meridional Advective Flux of fract area
   310 |DFxEAREA|  1 |   311 |UU      M1|m^2/m^2.m^2/s   |Zonal      Diffusive Flux of fract area
   311 |DFyEAREA|  1 |   310 |VV      M1|m^2/m^2.m^2/s   |Meridional Diffusive Flux of fract area
   312 |ADVxSNOW|  1 |   313 |UU      M1|m.m^2/s         |Zonal      Advective Flux of eff snow thickn
   313 |ADVySNOW|  1 |   312 |VV      M1|m.m^2/s         |Meridional Advective Flux of eff snow thickn
   314 |DFxESNOW|  1 |   315 |UU      M1|m.m^2/s         |Zonal      Diffusive Flux of eff snow thickn
   315 |DFyESNOW|  1 |   314 |VV      M1|m.m^2/s         |Meridional Diffusive Flux of eff snow thickn
   316 |ADVxSSLT|  1 |   317 |UU      M1|psu.m^2/s       |Zonal      Advective Flux of seaice salinity
   317 |ADVySSLT|  1 |   316 |VV      M1|psu.m^2/s       |Meridional Advective Flux of seaice salinity
   318 |DFxESSLT|  1 |   319 |UU      M1|psu.m^2/s       |Zonal      Diffusive Flux of seaice salinity
   319 |DFyESSLT|  1 |   318 |VV      M1|psu.m^2/s       |Meridional Diffusive Flux of seaice salinity
   320 |SIuheff |  1 |   321 |UU      M1|m^2/s           |Zonal      Transport of eff ice thickn (centered)
   321 |SIvheff |  1 |   320 |VV      M1|m^2/s           |Meridional Transport of eff ice thickn (centered)
   322 |SIpress |  1 |       |SM      M1|N/m             |SEAICE strength (with upper and lower limit)
   323 |SIzeta  |  1 |       |SM      M1|kg/s            |SEAICE nonlinear bulk viscosity
   324 |SIeta   |  1 |       |SM      M1|kg/s            |SEAICE nonlinear shear viscosity
   325 |SIsig1  |  1 |       |SM      M1|no units        |SEAICE normalized principle stress, component one
   326 |SIsig2  |  1 |       |SM      M1|no units        |SEAICE normalized principle stress, component two
   327 |SIshear |  1 |       |SM      M1|1/s             |SEAICE shear deformation rate
   328 |SIdelta |  1 |       |SM      M1|1/s             |SEAICE Delta deformation rate
   329 |SItensil|  1 |       |SM      M1|N/m             |SEAICE maximal tensile strength
------------------------------------------------------------------------------------
  Num  |<-Name->|Levs|  mate |<- code ->|<--  Units   -->|<- Tile (max=80c)         
------------------------------------------------------------------------------------
